<?xml version="1.0" encoding="utf-8"?><testsuites><testsuite name="pytest" errors="0" failures="0" skipped="0" tests="4" time="0.110" timestamp="2025-11-05T09:28:19.503843+00:00" hostname="228963e338fb"><testcase classname="tests.test_routes" name="test_home_page_loads" time="0.009" /><testcase classname="tests.test_routes" name="test_add_workout_valid" time="0.005" /><testcase classname="tests.test_routes" name="test_add_workout_invalid" time="0.004" /><testcase classname="tests.test_routes" name="test_view_workouts_page" time="0.004" /></testsuite></testsuites>